2014/08/30 17:47:50 [error] [exception.CException] exception 'CException' with message 'Property "CWebUser.ui" is not defined.' in C:\xampp\htdocs\yii\framework\base\CComponent.php:130
Stack trace:
#0 C:\xampp\htdocs\yii\framework\web\auth\CWebUser.php(146): CComponent->__get('ui')
#1 C:\xampp\htdocs\yii\miprimeryii\protected\views\layouts\main.php(37): CWebUser->__get('ui')
#2 C:\xampp\htdocs\yii\framework\web\CBaseController.php(126): require('C:\xampp\htdocs...')
#3 C:\xampp\htdocs\yii\framework\web\CBaseController.php(95): CBaseController->renderInternal('C:\xampp\htdocs...', Array, true)
#4 C:\xampp\htdocs\yii\framework\web\widgets\CContentDecorator.php(76): CBaseController->renderFile('C:\xampp\htdocs...', Array, true)
#5 C:\xampp\htdocs\yii\framework\web\widgets\CContentDecorator.php(54): CContentDecorator->decorate('<div id="conten...')
#6 C:\xampp\htdocs\yii\framework\web\widgets\COutputProcessor.php(44): CContentDecorator->processOutput('<div id="conten...')
#7 C:\xampp\htdocs\yii\framework\web\CBaseController.php(206): COutputProcessor->run()
#8 C:\xampp\htdocs\yii\framework\web\CBaseController.php(300): CBaseController->endWidget('CContentDecorat...')
#9 C:\xampp\htdocs\yii\miprimeryii\protected\views\layouts\column1.php(6): CBaseController->endContent()
#10 C:\xampp\htdocs\yii\framework\web\CBaseController.php(126): require('C:\xampp\htdocs...')
#11 C:\xampp\htdocs\yii\framework\web\CBaseController.php(95): CBaseController->renderInternal('C:\xampp\htdocs...', Array, true)
#12 C:\xampp\htdocs\yii\framework\web\CController.php(784): CBaseController->renderFile('C:\xampp\htdocs...', Array, true)
#13 C:\xampp\htdocs\yii\miprimeryii\protected\controllers\SiteController.php(32): CController->render('index')
#14 C:\xampp\htdocs\yii\framework\web\actions\CInlineAction.php(49): SiteController->actionIndex()
#15 C:\xampp\htdocs\yii\framework\web\CController.php(308): CInlineAction->runWithParams(Array)
#16 C:\xampp\htdocs\yii\framework\web\CController.php(286): CController->runAction(Object(CInlineAction))
#17 C:\xampp\htdocs\yii\framework\web\CController.php(265): CController->runActionWithFilters(Object(CInlineAction), Array)
#18 C:\xampp\htdocs\yii\framework\web\CWebApplication.php(282): CController->run('')
#19 C:\xampp\htdocs\yii\framework\web\CWebApplication.php(141): CWebApplication->runController('')
#20 C:\xampp\htdocs\yii\framework\base\CApplication.php(180): CWebApplication->processRequest()
#21 C:\xampp\htdocs\yii\miprimeryii\index.php(13): CApplication->run()
#22 {main}
REQUEST_URI=/yii/miprimeryii/
---
2014/08/30 17:49:31 [warning] [application] CrugeFactory::getICrugeStoredUser
 **NO HALLADO** sdasd
in C:\xampp\htdocs\yii\miprimeryii\protected\modules\cruge\components\CrugeFactory.php (322)
in C:\xampp\htdocs\yii\miprimeryii\protected\modules\cruge\components\CrugeUserManager.php (252)
in C:\xampp\htdocs\yii\miprimeryii\protected\modules\cruge\models\ui\CrugeLogon.php (58)
2014/08/30 17:49:31 [warning] [application] CrugeFactory::getICrugeStoredUser
 **NO HALLADO** sdasd
in C:\xampp\htdocs\yii\miprimeryii\protected\modules\cruge\components\CrugeFactory.php (322)
in C:\xampp\htdocs\yii\miprimeryii\protected\modules\cruge\components\CrugeUserManager.php (252)
in C:\xampp\htdocs\yii\miprimeryii\protected\modules\cruge\models\auth\CrugeAuthDefault.php (68)
2014/08/30 17:49:31 [error] [application] UiController
CrugeUser->validate es false
<div class="errorSummary"><p>Please fix the following input errors:</p>
<ul>
<li>User not found</li>
<li>usuario o correo invalido</li>
</ul></div>
in C:\xampp\htdocs\yii\miprimeryii\protected\modules\cruge\controllers\UiController.php (158)
in C:\xampp\htdocs\yii\miprimeryii\index.php (13)
2014/08/30 17:58:31 [error] [exception.CHttpException.403] exception 'CHttpException' with message 'You are not authorized to perform this action.' in C:\xampp\htdocs\yii\framework\web\auth\CAccessControlFilter.php:182
Stack trace:
#0 C:\xampp\htdocs\yii\framework\web\auth\CAccessControlFilter.php(145): CAccessControlFilter->accessDenied(Object(CrugeWebUser), 'You are not aut...')
#1 C:\xampp\htdocs\yii\framework\web\filters\CFilter.php(38): CAccessControlFilter->preFilter(Object(CFilterChain))
#2 C:\xampp\htdocs\yii\framework\web\CController.php(1145): CFilter->filter(Object(CFilterChain))
#3 C:\xampp\htdocs\yii\framework\web\filters\CInlineFilter.php(58): CController->filterAccessControl(Object(CFilterChain))
#4 C:\xampp\htdocs\yii\framework\web\filters\CFilterChain.php(130): CInlineFilter->filter(Object(CFilterChain))
#5 C:\xampp\htdocs\yii\framework\web\CController.php(291): CFilterChain->run()
#6 C:\xampp\htdocs\yii\framework\web\CController.php(265): CController->runActionWithFilters(Object(CInlineAction), Array)
#7 C:\xampp\htdocs\yii\framework\web\CWebApplication.php(282): CController->run('admin')
#8 C:\xampp\htdocs\yii\framework\web\CWebApplication.php(141): CWebApplication->runController('mascota/admin')
#9 C:\xampp\htdocs\yii\framework\base\CApplication.php(180): CWebApplication->processRequest()
#10 C:\xampp\htdocs\yii\miprimeryii\index.php(13): CApplication->run()
#11 {main}
REQUEST_URI=/yii/miprimeryii/index.php?r=mascota/admin
HTTP_REFERER=http://127.0.0.1/yii/miprimeryii/index.php?r=mascota/create
---
2014/08/30 17:59:27 [error] [exception.CHttpException.403] exception 'CHttpException' with message 'You are not authorized to perform this action.' in C:\xampp\htdocs\yii\framework\web\auth\CAccessControlFilter.php:182
Stack trace:
#0 C:\xampp\htdocs\yii\framework\web\auth\CAccessControlFilter.php(145): CAccessControlFilter->accessDenied(Object(CrugeWebUser), 'You are not aut...')
#1 C:\xampp\htdocs\yii\framework\web\filters\CFilter.php(38): CAccessControlFilter->preFilter(Object(CFilterChain))
#2 C:\xampp\htdocs\yii\framework\web\CController.php(1145): CFilter->filter(Object(CFilterChain))
#3 C:\xampp\htdocs\yii\framework\web\filters\CInlineFilter.php(58): CController->filterAccessControl(Object(CFilterChain))
#4 C:\xampp\htdocs\yii\framework\web\filters\CFilterChain.php(130): CInlineFilter->filter(Object(CFilterChain))
#5 C:\xampp\htdocs\yii\framework\web\CController.php(291): CFilterChain->run()
#6 C:\xampp\htdocs\yii\framework\web\CController.php(265): CController->runActionWithFilters(Object(CInlineAction), Array)
#7 C:\xampp\htdocs\yii\framework\web\CWebApplication.php(282): CController->run('admin')
#8 C:\xampp\htdocs\yii\framework\web\CWebApplication.php(141): CWebApplication->runController('mascota/admin')
#9 C:\xampp\htdocs\yii\framework\base\CApplication.php(180): CWebApplication->processRequest()
#10 C:\xampp\htdocs\yii\miprimeryii\index.php(13): CApplication->run()
#11 {main}
REQUEST_URI=/yii/miprimeryii/index.php?r=mascota/admin
HTTP_REFERER=http://127.0.0.1/yii/miprimeryii/index.php?r=mascota/create
---
2014/08/30 18:00:10 [error] [exception.CHttpException.403] exception 'CHttpException' with message 'You are not authorized to perform this action.' in C:\xampp\htdocs\yii\framework\web\auth\CAccessControlFilter.php:182
Stack trace:
#0 C:\xampp\htdocs\yii\framework\web\auth\CAccessControlFilter.php(145): CAccessControlFilter->accessDenied(Object(CrugeWebUser), 'You are not aut...')
#1 C:\xampp\htdocs\yii\framework\web\filters\CFilter.php(38): CAccessControlFilter->preFilter(Object(CFilterChain))
#2 C:\xampp\htdocs\yii\framework\web\CController.php(1145): CFilter->filter(Object(CFilterChain))
#3 C:\xampp\htdocs\yii\framework\web\filters\CInlineFilter.php(58): CController->filterAccessControl(Object(CFilterChain))
#4 C:\xampp\htdocs\yii\framework\web\filters\CFilterChain.php(130): CInlineFilter->filter(Object(CFilterChain))
#5 C:\xampp\htdocs\yii\framework\web\CController.php(291): CFilterChain->run()
#6 C:\xampp\htdocs\yii\framework\web\CController.php(265): CController->runActionWithFilters(Object(CInlineAction), Array)
#7 C:\xampp\htdocs\yii\framework\web\CWebApplication.php(282): CController->run('admin')
#8 C:\xampp\htdocs\yii\framework\web\CWebApplication.php(141): CWebApplication->runController('mascota/admin')
#9 C:\xampp\htdocs\yii\framework\base\CApplication.php(180): CWebApplication->processRequest()
#10 C:\xampp\htdocs\yii\miprimeryii\index.php(13): CApplication->run()
#11 {main}
REQUEST_URI=/yii/miprimeryii/index.php?r=mascota/admin
HTTP_REFERER=http://127.0.0.1/yii/miprimeryii/index.php?r=mascota
---
2014/08/30 18:05:55 [error] [exception.CException] exception 'CException' with message 'Property "CWebApplication.usuario" is not defined.' in C:\xampp\htdocs\yii\framework\base\CComponent.php:130
Stack trace:
#0 C:\xampp\htdocs\yii\framework\base\CModule.php(105): CComponent->__get('usuario')
#1 C:\xampp\htdocs\yii\miprimeryii\protected\views\layouts\main.php(36): CModule->__get('usuario')
#2 C:\xampp\htdocs\yii\framework\web\CBaseController.php(126): require('C:\xampp\htdocs...')
#3 C:\xampp\htdocs\yii\framework\web\CBaseController.php(95): CBaseController->renderInternal('C:\xampp\htdocs...', Array, true)
#4 C:\xampp\htdocs\yii\framework\web\widgets\CContentDecorator.php(76): CBaseController->renderFile('C:\xampp\htdocs...', Array, true)
#5 C:\xampp\htdocs\yii\framework\web\widgets\CContentDecorator.php(54): CContentDecorator->decorate('<div class="spa...')
#6 C:\xampp\htdocs\yii\framework\web\widgets\COutputProcessor.php(44): CContentDecorator->processOutput('<div class="spa...')
#7 C:\xampp\htdocs\yii\framework\web\CBaseController.php(206): COutputProcessor->run()
#8 C:\xampp\htdocs\yii\framework\web\CBaseController.php(300): CBaseController->endWidget('CContentDecorat...')
#9 C:\xampp\htdocs\yii\miprimeryii\protected\views\layouts\column2.php(22): CBaseController->endContent()
#10 C:\xampp\htdocs\yii\framework\web\CBaseController.php(126): require('C:\xampp\htdocs...')
#11 C:\xampp\htdocs\yii\framework\web\CBaseController.php(95): CBaseController->renderInternal('C:\xampp\htdocs...', Array, true)
#12 C:\xampp\htdocs\yii\framework\web\CController.php(784): CBaseController->renderFile('C:\xampp\htdocs...', Array, true)
#13 C:\xampp\htdocs\yii\miprimeryii\protected\controllers\MascotaController.php(140): CController->render('admin', Array)
#14 C:\xampp\htdocs\yii\framework\web\actions\CInlineAction.php(49): MascotaController->actionAdmin()
#15 C:\xampp\htdocs\yii\framework\web\CController.php(308): CInlineAction->runWithParams(Array)
#16 C:\xampp\htdocs\yii\framework\web\filters\CFilterChain.php(133): CController->runAction(Object(CInlineAction))
#17 C:\xampp\htdocs\yii\miprimeryii\protected\modules\cruge\components\CrugeAccessControlFilter.php(90): CFilterChain->run()
#18 C:\xampp\htdocs\yii\framework\web\filters\CFilter.php(38): CrugeAccessControlFilter->preFilter(Object(CFilterChain))
#19 C:\xampp\htdocs\yii\framework\web\filters\CFilterChain.php(130): CFilter->filter(Object(CFilterChain))
#20 C:\xampp\htdocs\yii\framework\web\CController.php(291): CFilterChain->run()
#21 C:\xampp\htdocs\yii\framework\web\CController.php(265): CController->runActionWithFilters(Object(CInlineAction), Array)
#22 C:\xampp\htdocs\yii\framework\web\CWebApplication.php(282): CController->run('admin')
#23 C:\xampp\htdocs\yii\framework\web\CWebApplication.php(141): CWebApplication->runController('mascota/admin')
#24 C:\xampp\htdocs\yii\framework\base\CApplication.php(180): CWebApplication->processRequest()
#25 C:\xampp\htdocs\yii\miprimeryii\index.php(13): CApplication->run()
#26 {main}
REQUEST_URI=/yii/miprimeryii/index.php?r=mascota/admin
HTTP_REFERER=http://127.0.0.1/yii/miprimeryii/index.php
---
